Change Component Designator: OldDesignator=C10 NewDesignator=C13
Change Component Designator: OldDesignator=C12 NewDesignator=C15
Change Component Designator: OldDesignator=C13 NewDesignator=C14
Change Component Designator: OldDesignator=C14 NewDesignator=C16
Change Component Designator: OldDesignator=C15 NewDesignator=C17
Change Component Designator: OldDesignator=C16 NewDesignator=C18
Change Component Designator: OldDesignator=C17 NewDesignator=C19
Change Component Designator: OldDesignator=C18 NewDesignator=C20
Change Component Designator: OldDesignator=C19 NewDesignator=C21
Change Component Designator: OldDesignator=C20 NewDesignator=C22
Change Component Designator: OldDesignator=C21 NewDesignator=C23
Change Component Designator: OldDesignator=C22 NewDesignator=C24
Change Component Designator: OldDesignator=C23 NewDesignator=C25
Change Component Designator: OldDesignator=C24 NewDesignator=C26
Change Component Designator: OldDesignator=C25 NewDesignator=C27
Change Component Designator: OldDesignator=DD4 NewDesignator=DD5
Change Component Designator: OldDesignator=DD5 NewDesignator=DD4
Change Component Designator: OldDesignator=R2 NewDesignator=R4
Change Component Designator: OldDesignator=R3 NewDesignator=R2
Change Component Designator: OldDesignator=R4 NewDesignator=R3
Change Component Designator: OldDesignator=X2 NewDesignator=X3
Change Component Designator: OldDesignator=X3 NewDesignator=X2
Added Component: Designator=C9(CAP 0603_1608)
Added Component: Designator=C10(CAP 0603_1608)
Added Component: Designator=C11(CAP 0603_1608)
Added Component: Designator=C12(CAP 0603_1608)
Added Pin To Net: NetName=GND Pin=C9-1
Added Pin To Net: NetName=+3.3В.1 Pin=C9-2
Added Pin To Net: NetName=GND Pin=C10-1
Added Pin To Net: NetName=+3.3В.1 Pin=C10-2
Added Pin To Net: NetName=GND Pin=C11-1
Added Pin To Net: NetName=+3.3В.1 Pin=C11-2
Added Pin To Net: NetName=GND Pin=C12-1
Added Pin To Net: NetName=+3.3В.1 Pin=C12-2
Added Pin To Net: NetName=+3.3В.1 Pin=DD5-1
Added Pin To Net: NetName=+3.3В.1 Pin=DD5-7
Added Pin To Net: NetName=+3.3В.1 Pin=DD5-9
Added Pin To Net: NetName=+3.3В.1 Pin=DD5-24
Added Pin To Net: NetName=+3.3В.1 Pin=DD5-36
Added Pin To Net: NetName=+3.3В.1 Pin=DD5-48
Change Net Name : Old Net Name=NetC10_1 New Net Name=NetC13_1
Change Net Name : Old Net Name=NetC12_1 New Net Name=NetC15_1
Added Member To Class: ClassName=Sheet1 Member=Component C9 Обозначение при заказе
Added Member To Class: ClassName=Sheet1 Member=Component C11 Обозначение при заказе
Added Member To Class: ClassName=Sheet1 Member=Component C26 Обозначение при заказе
Added Member To Class: ClassName=Sheet1 Member=Component C27 Обозначение при заказе
Added Room: Name=Sheet1
