Removed Pin From Net: NetName=NetDD2_22 Pin=T1-1
Removed Pin From Net: NetName=GND Pin=T1-4
Removed Pin From Net: NetName=GND Pin=T1-6
Removed Pin From Net: NetName=GND Pin=XW1-2
Removed Pin From Net: NetName=GND Pin=XW1-3
Removed Pin From Net: NetName=GND Pin=XW1-4
Removed Pin From Net: NetName=GND Pin=XW1-5
Change Component Designator: OldDesignator=C9 NewDesignator=C10
Change Component Designator: OldDesignator=C10 NewDesignator=C11
Change Component Designator: OldDesignator=C11 NewDesignator=C12
Change Component Designator: OldDesignator=C12 NewDesignator=C13
Change Component Designator: OldDesignator=C13 NewDesignator=C14
Change Component Designator: OldDesignator=C14 NewDesignator=C15
Change Component Designator: OldDesignator=C15 NewDesignator=C16
Change Component Designator: OldDesignator=C16 NewDesignator=C17
Change Component Designator: OldDesignator=C17 NewDesignator=C18
Change Component Designator: OldDesignator=C18 NewDesignator=C19
Change Component Designator: OldDesignator=C19 NewDesignator=C21
Change Component Designator: OldDesignator=C21 NewDesignator=C22
Change Component Designator: OldDesignator=C22 NewDesignator=C23
Change Component Designator: OldDesignator=C23 NewDesignator=C24
Change Component Designator: OldDesignator=C24 NewDesignator=C25
Change Component Designator: OldDesignator=C25 NewDesignator=C26
Change Component Designator: OldDesignator=C26 NewDesignator=C27
Change Component Designator: OldDesignator=C27 NewDesignator=C28
Change Component Designator: OldDesignator=DD4 NewDesignator=DD6
Change Component Designator: OldDesignator=DD6 NewDesignator=DD7
Change Component Designator: OldDesignator=DD7 NewDesignator=DD8
Added Component: Designator=C9(CAP 0603_1608)
Add component (AddParameter): Name = "Component"; Value = "Capacitor"; VariantName = "[No Variations]"
Add component (AddParameter): Name = "Link"; Value = "?"; VariantName = "[No Variations]"
Add component (AddParameter): Name = "Model"; Value = "?"; VariantName = "[No Variations]"
Added Component: Designator=DD4(SOT95P245X110-5N)
Added Pin To Net: NetName=GND Pin=C9-1
Added Pin To Net: NetName=+3.3В.1 Pin=C9-2
Added Pin To Net: NetName=GND Pin=DD2-21
Added Pin To Net: NetName=GND Pin=DD4-2
Added Pin To Net: NetName=NetDD2_22 Pin=DD4-3
Added Pin To Net: NetName=+3.3В.1 Pin=DD4-5
Change Net Name : Old Net Name=NetC13_1 New Net Name=NetC14_1
Change Net Name : Old Net Name=NetC16_1 New Net Name=NetC17_1
Change Net Color : Old Net Color=RGB(158, 161, 117) New Net Color=Black
Change Net Color : Old Net Color=RGB(158, 161, 117) New Net Color=Black
Change Net Color : Old Net Color=RGB(158, 161, 117) New Net Color=Black
Change Net Color : Old Net Color=RGB(158, 161, 117) New Net Color=Black
Change Net Color : Old Net Color=RGB(158, 161, 117) New Net Color=Black
Change Net Color : Old Net Color=RGB(158, 161, 117) New Net Color=Black
Change Net Color : Old Net Color=RGB(158, 161, 117) New Net Color=Black
Change Net Color : Old Net Color=RGB(158, 161, 117) New Net Color=Black
Change Net Color : Old Net Color=RGB(158, 161, 117) New Net Color=Black
Change Net Color : Old Net Color=RGB(158, 161, 117) New Net Color=Black
Change Net Color : Old Net Color=RGB(158, 161, 117) New Net Color=Black
Change Net Color : Old Net Color=RGB(158, 161, 117) New Net Color=Black
Change Net Color : Old Net Color=RGB(158, 161, 117) New Net Color=Black
Change Net Color : Old Net Color=RGB(158, 161, 117) New Net Color=Black
Change Net Color : Old Net Color=RGB(158, 161, 117) New Net Color=Black
Change Net Color : Old Net Color=RGB(158, 161, 117) New Net Color=Black
Change Net Color : Old Net Color=RGB(158, 161, 117) New Net Color=Black
Change Net Color : Old Net Color=RGB(158, 161, 117) New Net Color=Black
Change Net Color : Old Net Color=RGB(158, 161, 117) New Net Color=Black
Change Net Color : Old Net Color=RGB(158, 161, 117) New Net Color=Black
Change Net Color : Old Net Color=RGB(158, 161, 117) New Net Color=Black
Change Net Color : Old Net Color=RGB(158, 161, 117) New Net Color=Black
Change Net Color : Old Net Color=RGB(158, 161, 117) New Net Color=Black
Change Net Color : Old Net Color=RGB(158, 161, 117) New Net Color=Black
Change Net Color : Old Net Color=RGB(158, 161, 117) New Net Color=Black
Change Net Color : Old Net Color=RGB(158, 161, 117) New Net Color=Black
Change Net Color : Old Net Color=RGB(158, 161, 117) New Net Color=Black
Change Net Color : Old Net Color=RGB(158, 161, 117) New Net Color=Black
Change Net Color : Old Net Color=RGB(158, 161, 117) New Net Color=Black
Change Net Color : Old Net Color=RGB(158, 161, 117) New Net Color=Black
Change Net Color : Old Net Color=RGB(158, 161, 117) New Net Color=Black
Change Net Color : Old Net Color=RGB(158, 161, 117) New Net Color=Black
Change Net Color : Old Net Color=RGB(158, 161, 117) New Net Color=Black
Change Net Color : Old Net Color=RGB(158, 161, 117) New Net Color=Black
Change Net Color : Old Net Color=RGB(158, 161, 117) New Net Color=Black
Change Net Color : Old Net Color=RGB(158, 161, 117) New Net Color=Black
Change Net Color : Old Net Color=RGB(158, 161, 117) New Net Color=Black
Change Net Color : Old Net Color=RGB(158, 161, 117) New Net Color=Black
Change Net Color : Old Net Color=RGB(158, 161, 117) New Net Color=Black
Change Net Color : Old Net Color=RGB(158, 161, 117) New Net Color=Black
Change Net Color : Old Net Color=RGB(158, 161, 117) New Net Color=Black
Change Net Color : Old Net Color=RGB(158, 161, 117) New Net Color=Black
Change Net Color : Old Net Color=RGB(158, 161, 117) New Net Color=Black
Change Net Color : Old Net Color=RGB(158, 161, 117) New Net Color=Black
Change Net Color : Old Net Color=RGB(158, 161, 117) New Net Color=Black
Change Net Color : Old Net Color=RGB(158, 161, 117) New Net Color=Black
Change Net Color : Old Net Color=RGB(158, 161, 117) New Net Color=Black
Change Net Color : Old Net Color=RGB(158, 161, 117) New Net Color=Black
Change Net Color : Old Net Color=RGB(158, 161, 117) New Net Color=Black
Change Net Color : Old Net Color=RGB(158, 161, 117) New Net Color=Black
Change Net Color : Old Net Color=RGB(158, 161, 117) New Net Color=Black
Change Net Color : Old Net Color=RGB(158, 161, 117) New Net Color=Black
Change Net Color : Old Net Color=RGB(158, 161, 117) New Net Color=Black
Change Net Color : Old Net Color=RGB(158, 161, 117) New Net Color=Black
Change Net Color : Old Net Color=RGB(158, 161, 117) New Net Color=Black
Change Net Color : Old Net Color=RGB(158, 161, 117) New Net Color=Black
Change Net Color : Old Net Color=RGB(158, 161, 117) New Net Color=Black
Change Net Color : Old Net Color=RGB(158, 161, 117) New Net Color=Black
Change Net Color : Old Net Color=RGB(158, 161, 117) New Net Color=Black
Change Net Color : Old Net Color=RGB(158, 161, 117) New Net Color=Black
Change Net Color : Old Net Color=RGB(158, 161, 117) New Net Color=Black
Change Net Color : Old Net Color=RGB(158, 161, 117) New Net Color=Black
Change Net Color : Old Net Color=RGB(158, 161, 117) New Net Color=Black
Change Net Color : Old Net Color=RGB(158, 161, 117) New Net Color=Black
Change Net Color : Old Net Color=RGB(158, 161, 117) New Net Color=Black
Change Net Color : Old Net Color=RGB(158, 161, 117) New Net Color=Black
Change Net Color : Old Net Color=RGB(158, 161, 117) New Net Color=Black
Change Net Color : Old Net Color=RGB(158, 161, 117) New Net Color=Black
Change Net Color : Old Net Color=RGB(158, 161, 117) New Net Color=Black
Change Net Color : Old Net Color=RGB(158, 161, 117) New Net Color=Black
Change Net Color : Old Net Color=RGB(158, 161, 117) New Net Color=Black
Change Net Color : Old Net Color=RGB(158, 161, 117) New Net Color=Black
Added Pin To Net: NetName=NetDD4_1 Pin=DD4-1
Added Pin To Net: NetName=NetDD4_1 Pin=DD4-4
Added Pin To Net: NetName=NetDD4_1 Pin=XW1-1
Added Net: Name=NetDD4_1
Added Member To Class: ClassName=Sheet1 Member=Component C9 Обозначение при заказе
Added Member To Class: ClassName=Sheet1 Member=Component C10 Обозначение при заказе
Added Member To Class: ClassName=Sheet1 Member=Component C12 Обозначение при заказе
Added Member To Class: ClassName=Sheet1 Member=Component C13 Обозначение при заказе
Added Member To Class: ClassName=Sheet1 Member=Component C15 Обозначение при заказе
Added Member To Class: ClassName=Sheet1 Member=Component C17 Обозначение при заказе
Added Member To Class: ClassName=Sheet1 Member=Component C18 Обозначение при заказе
Added Member To Class: ClassName=Sheet1 Member=Component C19 Обозначение при заказе
Added Member To Class: ClassName=Sheet1 Member=Component C21 Обозначение при заказе
Added Member To Class: ClassName=Sheet1 Member=Component C23 Обозначение при заказе
Added Member To Class: ClassName=Sheet1 Member=Component C25 Обозначение при заказе
Added Member To Class: ClassName=Sheet1 Member=Component C27 Обозначение при заказе
Added Member To Class: ClassName=Sheet1 Member=Component C28 Обозначение при заказе
Added Member To Class: ClassName=Sheet1 Member=Component DD4 AD8091
Added Member To Class: ClassName=Sheet1 Member=Component DD6 Обозначение при заказе
Added Member To Class: ClassName=Sheet1 Member=Component DD7 Обозначение при заказе
Added Member To Class: ClassName=Sheet1 Member=Component DD8 Обозначение при заказе
