Removed Pin From Net: NetName=GND Pin=C10-1
Removed Pin From Net: NetName=+3.3?.1 Pin=C10-2
Removed Pin From Net: NetName=GND Pin=C15-1
Removed Pin From Net: NetName=+3.3?.1 Pin=C15-2
Removed Pin From Net: NetName=GND Pin=C18-1
Removed Pin From Net: NetName=+3.3?.1 Pin=C18-2
Removed Pin From Net: NetName=GND Pin=C20-1
Removed Pin From Net: NetName=+3.3?.1 Pin=C20-2
Change Component Designator: OldDesignator=C9 NewDesignator=C13
Change Component Designator: OldDesignator=C11 NewDesignator=C9
Change Component Designator: OldDesignator=C12 NewDesignator=C14
Change Component Designator: OldDesignator=C13 NewDesignator=C10
Change Component Designator: OldDesignator=C14 NewDesignator=C11
Change Component Designator: OldDesignator=C16 NewDesignator=C12
Change Component Designator: OldDesignator=C17 NewDesignator=C15
Change Component Designator: OldDesignator=C19 NewDesignator=C16
Change Component Designator: OldDesignator=C21 NewDesignator=C17
Change Component Designator: OldDesignator=C22 NewDesignator=C18
Change Component Designator: OldDesignator=C23 NewDesignator=C19
Change Component Designator: OldDesignator=C24 NewDesignator=C20
Change Component Designator: OldDesignator=C25 NewDesignator=C21
Change Component Designator: OldDesignator=C26 NewDesignator=C22
Change Component Designator: OldDesignator=C27 NewDesignator=C23
Change Component Designator: OldDesignator=C28 NewDesignator=C24
Change Component Designator: OldDesignator=C29 NewDesignator=C25
Add Pin To Net: Unknown Pin: Pin D1-1
Add Pin To Net: Unknown Pin: Pin D1-2
Add Pin To Net: Unknown Pin: Pin D1-3
Add Pin To Net: Unknown Pin: Pin D1-4
Change Net Name : Old Net Name=NetC13_1 New Net Name=NetC10_1
Change Net Name : Old Net Name=NetC16_1 New Net Name=NetC12_1
Added Member To Class: ClassName=Sheet1 Member=Component C7 ??????????? ??? ??????
Added Member To Class: ClassName=Sheet1 Member=Component C8 ??????????? ??? ??????
Added Member To Class: ClassName=Sheet1 Member=Component C10 ??????????? ??? ??????
Added Member To Class: ClassName=Sheet1 Member=Component C11 ??????????? ??? ??????
Added Member To Class: ClassName=Sheet1 Member=Component C12 ??????????? ??? ??????
Added Member To Class: ClassName=Sheet1 Member=Component C13 ??????????? ??? ??????
Added Member To Class: ClassName=Sheet1 Member=Component C14 ??????????? ??? ??????
Added Member To Class: ClassName=Sheet1 Member=Component C16 ??????????? ??? ??????
Added Member To Class: ClassName=Sheet1 Member=Component C19 ??????????? ??? ??????
Added Member To Class: ClassName=Sheet1 Member=Component C20 ??????????? ??? ??????
Added Member To Class: ClassName=Sheet1 Member=Component C21 ??????????? ??? ??????
Added Member To Class: ClassName=Sheet1 Member=Component C22 ??????????? ??? ??????
Added Member To Class: ClassName=Sheet1 Member=Component C23 ??????????? ??? ??????
Add Class Member: Failed to add class member : Component D1 ??????????? ??? ??????
Added Member To Class: ClassName=Sheet1 Member=Component R1 ??????????? ??? ??????
Added Member To Class: ClassName=Sheet1 Member=Component R3 ??????????? ??? ??????
Added Member To Class: ClassName=Sheet1 Member=Component R4 ??????????? ??? ??????
Added Member To Class: ClassName=Sheet1 Member=Component R5 ??????????? ??? ??????
Added Member To Class: ClassName=Sheet1 Member=Component X3 ??????????? ??? ??????
Added Room: Name=Sheet1
