Removed Pin From Net: NetName=GND Pin=C9-1
Removed Pin From Net: NetName=+3.3Â.1 Pin=C9-2
Removed Pin From Net: NetName=GND Pin=C11-1
Removed Pin From Net: NetName=+3.3Â.1 Pin=C11-2
Removed Pin From Net: NetName=GND Pin=DD4-34
Removed Pin From Net: NetName=+3.3Â.1 Pin=DD4-37
Removed Pin From Net: NetName=GND Pin=X2-6
Removed Pin From Net: NetName=+3.3Â.1 Pin=X2-9
Removed Pin From Net: NetName=GND Pin=X2-10
Removed Member From Class: ClassName=Sheet1 Member=C9
Removed Member From Class: ClassName=Sheet1 Member=C11
Added Pin To Net: NetName=GND Pin=DD4-8
Added Pin To Net: NetName=GND Pin=DD4-23
Added Pin To Net: NetName=GND Pin=DD4-35
Added Pin To Net: NetName=GND Pin=DD4-47
Add Pin To Net: Unknown Pin: Pin X2-1
Add Pin To Net: Unknown Pin: Pin X2-3
Added Pin To Net: NetName=13.1 Pin=DD4-34
Added Net: Name=13.1
Added Pin To Net: NetName=14.1 Pin=DD4-37
Added Net: Name=14.1
Added Room: Name=Sheet1
