Removed Pin From Net: NetName=GND Pin=C19-1
Removed Pin From Net: NetName=+3.3В.1 Pin=C19-2
Removed Pin From Net: NetName=GND Pin=C23-1
Removed Pin From Net: NetName=+3.3В.1 Pin=C23-2
Removed Pin From Net: NetName=+5В.1 Pin=FU1-2
Removed Pin From Net: NetName=NetDD2_21 Pin=R4-1
Removed Pin From Net: NetName=GND Pin=R4-2
Removed Pin From Net: NetName=NetDD2_22 Pin=R5-1
Removed Member From Class: ClassName=Sheet1 Member=FU1
Change Component Designator: OldDesignator=C3 NewDesignator=C5
Change Component Designator: OldDesignator=C4 NewDesignator=C3
Change Component Designator: OldDesignator=C5 NewDesignator=C4
Change Component Designator: OldDesignator=C6 NewDesignator=C8
Change Component Designator: OldDesignator=C7 NewDesignator=C6
Change Component Designator: OldDesignator=C8 NewDesignator=C7
Change Component Designator: OldDesignator=C15 NewDesignator=C16
Change Component Designator: OldDesignator=C16 NewDesignator=C15
Change Component Designator: OldDesignator=D1 NewDesignator=G1
Change Component Designator: OldDesignator=R1 NewDesignator=R4
Change Component Designator: OldDesignator=R2 NewDesignator=R1
Change Component Designator: OldDesignator=R3 NewDesignator=R2
Change Component Designator: OldDesignator=R6 NewDesignator=R3
Change Component Designator: OldDesignator=X1 NewDesignator=ZQ1
Change Component Designator: OldDesignator=X2 NewDesignator=ZQ2
Change Component Designator: OldDesignator=X3 NewDesignator=XP1
Change component parameters: Designator = "C1" ("C1"); Footprint = "CAP 0603_1608"; UniqueID = "\BJUGWNUT" ("\BJUGWNUT")
Change component parameters (AddParameter): Name = "Component"; Value = "Capacitor"; VariantName = "[No Variations]"
Change component parameters (AddParameter): Name = "Link"; Value = "?"; VariantName = "[No Variations]"
Change component parameters (AddParameter): Name = "Model"; Value = "?"; VariantName = "[No Variations]"
Change component parameters: Designator = "C2" ("C2"); Footprint = "CAP 0603_1608"; UniqueID = "\OZVACRXR" ("\OZVACRXR")
Change component parameters (AddParameter): Name = "Component"; Value = "Capacitor"; VariantName = "[No Variations]"
Change component parameters (AddParameter): Name = "Link"; Value = "?"; VariantName = "[No Variations]"
Change component parameters (AddParameter): Name = "Model"; Value = "?"; VariantName = "[No Variations]"
Change component parameters: Designator = "C3" ("C5"); Footprint = "CAP 0603_1608"; UniqueID = "\NVJWXPSN" ("\NVJWXPSN")
Change component parameters (AddParameter): Name = "Component"; Value = "Capacitor"; VariantName = "[No Variations]"
Change component parameters (AddParameter): Name = "Link"; Value = "?"; VariantName = "[No Variations]"
Change component parameters (AddParameter): Name = "Model"; Value = "?"; VariantName = "[No Variations]"
Change component parameters: Designator = "C4" ("C3"); Footprint = "CAP 0603_1608"; UniqueID = "\JIWJJVGN" ("\JIWJJVGN")
Change component parameters (AddParameter): Name = "Component"; Value = "Capacitor"; VariantName = "[No Variations]"
Change component parameters (AddParameter): Name = "Link"; Value = "?"; VariantName = "[No Variations]"
Change component parameters (AddParameter): Name = "Model"; Value = "?"; VariantName = "[No Variations]"
Change component parameters: Designator = "C5" ("C4"); Footprint = "CAP 0603_1608"; UniqueID = "\USSGNKTT" ("\USSGNKTT")
Change component parameters (AddParameter): Name = "Component"; Value = "Capacitor"; VariantName = "[No Variations]"
Change component parameters (AddParameter): Name = "Link"; Value = "?"; VariantName = "[No Variations]"
Change component parameters (AddParameter): Name = "Model"; Value = "?"; VariantName = "[No Variations]"
Change component parameters: Designator = "C6" ("C8"); Footprint = "CAP 0603_1608"; UniqueID = "\AOBRLBRE" ("\AOBRLBRE")
Change component parameters (AddParameter): Name = "Component"; Value = "Capacitor"; VariantName = "[No Variations]"
Change component parameters (AddParameter): Name = "Link"; Value = "?"; VariantName = "[No Variations]"
Change component parameters (AddParameter): Name = "Model"; Value = "?"; VariantName = "[No Variations]"
Change component parameters: Designator = "C7" ("C6"); Footprint = "CAP 0603_1608"; UniqueID = "\ZSBTHHOR" ("\ZSBTHHOR")
Change component parameters (AddParameter): Name = "Component"; Value = "Capacitor"; VariantName = "[No Variations]"
Change component parameters (AddParameter): Name = "Link"; Value = "?"; VariantName = "[No Variations]"
Change component parameters (AddParameter): Name = "Model"; Value = "?"; VariantName = "[No Variations]"
Change component parameters: Designator = "C8" ("C7"); Footprint = "CAP 0603_1608"; UniqueID = "\GCOURMKF" ("\GCOURMKF")
Change component parameters (AddParameter): Name = "Component"; Value = "Capacitor"; VariantName = "[No Variations]"
Change component parameters (AddParameter): Name = "Link"; Value = "?"; VariantName = "[No Variations]"
Change component parameters (AddParameter): Name = "Model"; Value = "?"; VariantName = "[No Variations]"
Change component parameters: Designator = "C9" ("C9"); Footprint = "CAP 0603_1608"; UniqueID = "\LPZSAYZO" ("\LPZSAYZO")
Change component parameters (AddParameter): Name = "Component"; Value = "Capacitor"; VariantName = "[No Variations]"
Change component parameters (AddParameter): Name = "Link"; Value = "?"; VariantName = "[No Variations]"
Change component parameters (AddParameter): Name = "Model"; Value = "?"; VariantName = "[No Variations]"
Change component parameters: Designator = "C10" ("C10"); Footprint = "CAP 0603_1608"; UniqueID = "\LJWGTHXO" ("\LJWGTHXO")
Change component parameters (AddParameter): Name = "Component"; Value = "Capacitor"; VariantName = "[No Variations]"
Change component parameters (AddParameter): Name = "Link"; Value = "?"; VariantName = "[No Variations]"
Change component parameters (AddParameter): Name = "Model"; Value = "?"; VariantName = "[No Variations]"
Change component parameters: Designator = "C11" ("C11"); Footprint = "CAP 0603_1608"; UniqueID = "\GEYLQRAE" ("\GEYLQRAE")
Change component parameters (AddParameter): Name = "Component"; Value = "Capacitor"; VariantName = "[No Variations]"
Change component parameters (AddParameter): Name = "Link"; Value = "?"; VariantName = "[No Variations]"
Change component parameters (AddParameter): Name = "Model"; Value = "?"; VariantName = "[No Variations]"
Change component parameters: Designator = "C12" ("C12"); Footprint = "CAP 0603_1608"; UniqueID = "\OJSIXXNE" ("\OJSIXXNE")
Change component parameters (AddParameter): Name = "Component"; Value = "Capacitor"; VariantName = "[No Variations]"
Change component parameters (AddParameter): Name = "Link"; Value = "?"; VariantName = "[No Variations]"
Change component parameters (AddParameter): Name = "Model"; Value = "?"; VariantName = "[No Variations]"
Change component parameters: Designator = "C13" ("C13"); Footprint = "CAP 0603_1608"; UniqueID = "\DUEFFNDD" ("\DUEFFNDD")
Change component parameters (AddParameter): Name = "Component"; Value = "Capacitor"; VariantName = "[No Variations]"
Change component parameters (AddParameter): Name = "Link"; Value = "?"; VariantName = "[No Variations]"
Change component parameters (AddParameter): Name = "Model"; Value = "?"; VariantName = "[No Variations]"
Change component parameters: Designator = "C14" ("C14"); Footprint = "CAP 0603_1608"; UniqueID = "\ZXWTWNLX" ("\ZXWTWNLX")
Change component parameters (AddParameter): Name = "Component"; Value = "Capacitor"; VariantName = "[No Variations]"
Change component parameters (AddParameter): Name = "Link"; Value = "?"; VariantName = "[No Variations]"
Change component parameters (AddParameter): Name = "Model"; Value = "?"; VariantName = "[No Variations]"
Change component parameters: Designator = "C15" ("C16"); Footprint = "CAP 0603_1608"; UniqueID = "\GCFXOSIW" ("\GCFXOSIW")
Change component parameters (AddParameter): Name = "Component"; Value = "Capacitor"; VariantName = "[No Variations]"
Change component parameters (AddParameter): Name = "Link"; Value = "?"; VariantName = "[No Variations]"
Change component parameters (AddParameter): Name = "Model"; Value = "?"; VariantName = "[No Variations]"
Change component parameters: Designator = "C16" ("C15"); Footprint = "CAP 0603_1608"; UniqueID = "\IJCZIEYX" ("\IJCZIEYX")
Change component parameters (AddParameter): Name = "Component"; Value = "Capacitor"; VariantName = "[No Variations]"
Change component parameters (AddParameter): Name = "Link"; Value = "?"; VariantName = "[No Variations]"
Change component parameters (AddParameter): Name = "Model"; Value = "?"; VariantName = "[No Variations]"
Change component parameters: Designator = "C17" ("C17"); Footprint = "CAP 0603_1608"; UniqueID = "\MOWMYKBO" ("\MOWMYKBO")
Change component parameters (AddParameter): Name = "Component"; Value = "Capacitor"; VariantName = "[No Variations]"
Change component parameters (AddParameter): Name = "Link"; Value = "?"; VariantName = "[No Variations]"
Change component parameters (AddParameter): Name = "Model"; Value = "?"; VariantName = "[No Variations]"
Change component parameters: Designator = "C18" ("C18"); Footprint = "CAP 0603_1608"; UniqueID = "\QZOWSKNR" ("\QZOWSKNR")
Change component parameters (AddParameter): Name = "Component"; Value = "Capacitor"; VariantName = "[No Variations]"
Change component parameters (AddParameter): Name = "Link"; Value = "?"; VariantName = "[No Variations]"
Change component parameters (AddParameter): Name = "Model"; Value = "?"; VariantName = "[No Variations]"
Change component parameters: Designator = "C19" ("C19"); Footprint = "CAP 0603_1608"; UniqueID = "\VQJAGRAB" ("\VQJAGRAB")
Change component parameters (AddParameter): Name = "Component"; Value = "Capacitor"; VariantName = "[No Variations]"
Change component parameters (AddParameter): Name = "Link"; Value = "?"; VariantName = "[No Variations]"
Change component parameters (AddParameter): Name = "Model"; Value = "?"; VariantName = "[No Variations]"
Change component parameters: Designator = "C20" ("C20"); Footprint = "CAP 0603_1608"; UniqueID = "\NBZPPZZN" ("\NBZPPZZN")
Change component parameters (AddParameter): Name = "Component"; Value = "Capacitor"; VariantName = "[No Variations]"
Change component parameters (AddParameter): Name = "Link"; Value = "?"; VariantName = "[No Variations]"
Change component parameters (AddParameter): Name = "Model"; Value = "?"; VariantName = "[No Variations]"
Change component parameters: Designator = "C21" ("C21"); Footprint = "CAP 0603_1608"; UniqueID = "\IAHYAQZE" ("\IAHYAQZE")
Change component parameters (AddParameter): Name = "Component"; Value = "Capacitor"; VariantName = "[No Variations]"
Change component parameters (AddParameter): Name = "Link"; Value = "?"; VariantName = "[No Variations]"
Change component parameters (AddParameter): Name = "Model"; Value = "?"; VariantName = "[No Variations]"
Change component parameters: Designator = "C22" ("C22"); Footprint = "CAP 0603_1608"; UniqueID = "\FVZTBYPO" ("\FVZTBYPO")
Change component parameters (AddParameter): Name = "Component"; Value = "Capacitor"; VariantName = "[No Variations]"
Change component parameters (AddParameter): Name = "Link"; Value = "?"; VariantName = "[No Variations]"
Change component parameters (AddParameter): Name = "Model"; Value = "?"; VariantName = "[No Variations]"
Change component parameters: Designator = "C23" ("C23"); Footprint = "CAP 0603_1608"; UniqueID = "\DGJTHVQU" ("\DGJTHVQU")
Change component parameters (AddParameter): Name = "Component"; Value = "Capacitor"; VariantName = "[No Variations]"
Change component parameters (AddParameter): Name = "Link"; Value = "?"; VariantName = "[No Variations]"
Change component parameters (AddParameter): Name = "Model"; Value = "?"; VariantName = "[No Variations]"
Change component parameters: Designator = "C24" ("C24"); Footprint = "CAP 0603_1608"; UniqueID = "\IKVFXFGU" ("\IKVFXFGU")
Change component parameters (AddParameter): Name = "Component"; Value = "Capacitor"; VariantName = "[No Variations]"
Change component parameters (AddParameter): Name = "Link"; Value = "?"; VariantName = "[No Variations]"
Change component parameters (AddParameter): Name = "Model"; Value = "?"; VariantName = "[No Variations]"
Change component parameters: Designator = "C25" ("C25"); Footprint = "CAP 0603_1608"; UniqueID = "\JZGRNNEM" ("\JZGRNNEM")
Change component parameters (AddParameter): Name = "Component"; Value = "Capacitor"; VariantName = "[No Variations]"
Change component parameters (AddParameter): Name = "Link"; Value = "?"; VariantName = "[No Variations]"
Change component parameters (AddParameter): Name = "Model"; Value = "?"; VariantName = "[No Variations]"
Change component parameters: Designator = "C26" ("C26"); Footprint = "CAP 0603_1608"; UniqueID = "\VEGEZBBA" ("\VEGEZBBA")
Change component parameters (AddParameter): Name = "Component"; Value = "Capacitor"; VariantName = "[No Variations]"
Change component parameters (AddParameter): Name = "Link"; Value = "?"; VariantName = "[No Variations]"
Change component parameters (AddParameter): Name = "Model"; Value = "?"; VariantName = "[No Variations]"
Change component parameters: Designator = "C27" ("C27"); Footprint = "CAP 0603_1608"; UniqueID = "\GHGQBAWK" ("\GHGQBAWK")
Change component parameters (AddParameter): Name = "Component"; Value = "Capacitor"; VariantName = "[No Variations]"
Change component parameters (AddParameter): Name = "Link"; Value = "?"; VariantName = "[No Variations]"
Change component parameters (AddParameter): Name = "Model"; Value = "?"; VariantName = "[No Variations]"
Change component parameters: Designator = "D1" ("G1"); Footprint = "CAC-508P730X490-4N"; UniqueID = "\HPDCKPZZ" ("\HPDCKPZZ")
Change component parameters (AddParameter): Name = "Component"; Value = "FPGA Quartz Generator"; VariantName = "[No Variations]"
Change component parameters (AddParameter): Name = "Link"; Value = "https://www.chipdip.ru/product0/8004154941"; VariantName = "[No Variations]"
Change component parameters (AddParameter): Name = "Model"; Value = "https://www.chipdip.ru/product0/8004154941"; VariantName = "[No Variations]"
Change component parameters: Designator = "R1" ("R4"); Footprint = "R_0805_T0.4"; UniqueID = "\SAAHHNJU" ("\SAAHHNJU")
Change component parameters (AddParameter): Name = "Component"; Value = "Resistor"; VariantName = "[No Variations]"
Change component parameters (AddParameter): Name = "Link"; Value = "?"; VariantName = "[No Variations]"
Change component parameters (AddParameter): Name = "Model"; Value = "?"; VariantName = "[No Variations]"
Change component parameters: Designator = "R2" ("R1"); Footprint = "R_0805_T0.4"; UniqueID = "\GAPFINTU" ("\GAPFINTU")
Change component parameters (AddParameter): Name = "Component"; Value = "Resistor"; VariantName = "[No Variations]"
Change component parameters (AddParameter): Name = "Link"; Value = "?"; VariantName = "[No Variations]"
Change component parameters (AddParameter): Name = "Model"; Value = "?"; VariantName = "[No Variations]"
Change component parameters: Designator = "R3" ("R2"); Footprint = "R_0805_T0.4"; UniqueID = "\SWHUTIXN" ("\SWHUTIXN")
Change component parameters (AddParameter): Name = "Component"; Value = "Resistor"; VariantName = "[No Variations]"
Change component parameters (AddParameter): Name = "Link"; Value = "?"; VariantName = "[No Variations]"
Change component parameters (AddParameter): Name = "Model"; Value = "?"; VariantName = "[No Variations]"
Change component parameters: Designator = "R5" ("R5"); Footprint = "R_0805_T0.4"; UniqueID = "\AFYKTEWG" ("\AFYKTEWG")
Change component parameters (AddParameter): Name = "Component"; Value = "Resistor"; VariantName = "[No Variations]"
Change component parameters (AddParameter): Name = "Link"; Value = "?"; VariantName = "[No Variations]"
Change component parameters (AddParameter): Name = "Model"; Value = "?"; VariantName = "[No Variations]"
Change component parameters: Designator = "R6" ("R3"); Footprint = "R_0805_T0.4"; UniqueID = "\JUDMAYTE" ("\JUDMAYTE")
Change component parameters (AddParameter): Name = "Component"; Value = "Resistor"; VariantName = "[No Variations]"
Change component parameters (AddParameter): Name = "Link"; Value = "?"; VariantName = "[No Variations]"
Change component parameters (AddParameter): Name = "Model"; Value = "?"; VariantName = "[No Variations]"
Change component parameters: Designator = "X1" ("ZQ1"); Footprint = "QUARTZ TEMPORARY"; UniqueID = "\ZSYJSBVG" ("\ZSYJSBVG")
Change component parameters (AddParameter): Name = "Component"; Value = "Quartz resonator"; VariantName = "[No Variations]"
Change component parameters (AddParameter): Name = "Link"; Value = "?"; VariantName = "[No Variations]"
Change component parameters (AddParameter): Name = "Model"; Value = "?"; VariantName = "[No Variations]"
Change component parameters: Designator = "X2" ("ZQ2"); Footprint = "QUARTZ TEMPORARY"; UniqueID = "\LERSDNPC" ("\LERSDNPC")
Change component parameters (AddParameter): Name = "Component"; Value = "Quartz resonator"; VariantName = "[No Variations]"
Change component parameters (AddParameter): Name = "Link"; Value = "?"; VariantName = "[No Variations]"
Change component parameters (AddParameter): Name = "Model"; Value = "?"; VariantName = "[No Variations]"
Change component parameters: Designator = "X3" ("XP1"); Footprint = "4PIN"; UniqueID = "\EKKIBYQM" ("\EKKIBYQM")
Change component parameters (AddParameter): Name = "Component"; Value = "Вилка штыревая 4PIN"; VariantName = "[No Variations]"
Change component parameters (AddParameter): Name = "ComponentLink1Description"; Value = "New link"; VariantName = "[No Variations]"
Change component parameters (AddParameter): Name = "ComponentLink1URL"; Value = "https://www.chipdip.ru/product/pls-4"; VariantName = "[No Variations]"
Change component parameters (AddParameter): Name = "Link"; Value = "https://www.chipdip.ru/product/pls-4"; VariantName = "[No Variations]"
Change component parameters (AddParameter): Name = "Model"; Value = "PLS-4 (DS-1021-1x4)"; VariantName = "[No Variations]"
Added Component: Designator=R6(R_0805_T0.4)
Add component (AddParameter): Name = "Component"; Value = "Resistor"; VariantName = "[No Variations]"
Add component (AddParameter): Name = "Link"; Value = "?"; VariantName = "[No Variations]"
Add component (AddParameter): Name = "Model"; Value = "?"; VariantName = "[No Variations]"
Added Component: Designator=XP2(PINS)
Add component (AddParameter): Name = "Component"; Value = "Вилка штыревая 10PIN"; VariantName = "[No Variations]"
Add component (AddParameter): Name = "ComponentLink1Description"; Value = "New link"; VariantName = "[No Variations]"
Add component (AddParameter): Name = "ComponentLink1URL"; Value = "https://www.chipdip.ru/product/pld-10"; VariantName = "[No Variations]"
Add component (AddParameter): Name = "Link"; Value = "https://www.chipdip.ru/product/pld-10"; VariantName = "[No Variations]"
Add component (AddParameter): Name = "Model"; Value = "PLD-10 (DS1021-2x5)"; VariantName = "[No Variations]"
Added Pin To Net: NetName=+3.3В.1 Pin=C19-1
Added Pin To Net: NetName=GND Pin=C19-2
Added Pin To Net: NetName=+3.3В.1 Pin=C23-1
Added Pin To Net: NetName=GND Pin=C23-2
Added Pin To Net: NetName=+5В.1 Pin=DD1-1
Added Pin To Net: NetName=GND Pin=DD2-15
Added Pin To Net: NetName=GND Pin=DD2-26
Added Pin To Net: NetName=+3.3В.1 Pin=DD2-27
Added Pin To Net: NetName=+3.3В.1 Pin=DD7-3
Added Pin To Net: NetName=GND Pin=DD7-6
Added Pin To Net: NetName=+3.3В.1 Pin=DD7-9
Added Pin To Net: NetName=GND Pin=DD7-12
Added Pin To Net: NetName=GND Pin=DD7-15
Added Pin To Net: NetName=GND Pin=DD7-21
Added Pin To Net: NetName=GND Pin=DD7-34
Added Pin To Net: NetName=GND Pin=DD7-35
Added Pin To Net: NetName=+3.3В.1 Pin=DD7-37
Added Pin To Net: NetName=clk.1 Pin=DD7-38
Added Pin To Net: NetName=GND Pin=DD7-39
Added Pin To Net: NetName=+3.3В.1 Pin=DD7-43
Added Pin To Net: NetName=GND Pin=DD7-45
Added Pin To Net: NetName=GND Pin=DD7-46
Added Pin To Net: NetName=GND Pin=DD7-47
Added Pin To Net: NetName=GND Pin=DD7-48
Added Pin To Net: NetName=+3.3В.1 Pin=DD7-49
Added Pin To Net: NetName=GND Pin=DD7-50
Added Pin To Net: NetName=GND Pin=DD7-51
Added Pin To Net: NetName=GND Pin=DD7-52
Added Pin To Net: NetName=GND Pin=DD7-53
Added Pin To Net: NetName=GND Pin=R6-2
Add Pin To Net: Unknown Pin: Pin T1-1
Add Pin To Net: Unknown Pin: Pin T1-2
Add Pin To Net: Unknown Pin: Pin T1-4
Added Pin To Net: NetName=GND Pin=XP2-6
Added Pin To Net: NetName=GND Pin=XP2-9
Added Pin To Net: NetName=GND Pin=XP2-10
Change Net Name : Old Net Name=NetC3_1 New Net Name=NetC5_1
Change Net Name : Old Net Name=NetC4_1 New Net Name=NetC3_1
Change Net Name : Old Net Name=NetC5_1 New Net Name=NetC4_1
Change Net Name : Old Net Name=NetC6_1 New Net Name=NetC8_1
Change Net Name : Old Net Name=NetC15_1 New Net Name=NetC16_1
Added Net: Name=NetT1_3
Added Pin To Net: NetName=TCK Pin=DD6-22
Added Pin To Net: NetName=TCK Pin=XP2-1
Added Net: Name=TCK
Added Pin To Net: NetName=TDI Pin=DD6-25
Added Pin To Net: NetName=TDI Pin=R5-1
Added Pin To Net: NetName=TDI Pin=XP2-5
Added Net: Name=TDI
Added Pin To Net: NetName=TDO Pin=DD6-23
Added Pin To Net: NetName=TDO Pin=XP2-2
Added Net: Name=TDO
Added Pin To Net: NetName=TMS Pin=DD6-24
Added Pin To Net: NetName=TMS Pin=R6-1
Added Pin To Net: NetName=TMS Pin=XP2-3
Added Net: Name=TMS
Added Member To Class: ClassName=Sheet1 Member=Component C10 Обозначение при заказе
Added Member To Class: ClassName=Sheet1 Member=Component C12 Обозначение при заказе
Added Member To Class: ClassName=Sheet1 Member=Component C14 Обозначение при заказе
Added Member To Class: ClassName=Sheet1 Member=Component C15 Обозначение при заказе
Added Member To Class: ClassName=Sheet1 Member=Component C16 Обозначение при заказе
Added Member To Class: ClassName=Sheet1 Member=Component C18 Обозначение при заказе
Added Member To Class: ClassName=Sheet1 Member=Component C19 Обозначение при заказе
Added Member To Class: ClassName=Sheet1 Member=Component C20 Обозначение при заказе
Added Member To Class: ClassName=Sheet1 Member=Component C21 Обозначение при заказе
Added Member To Class: ClassName=Sheet1 Member=Component C22 Обозначение при заказе
Added Member To Class: ClassName=Sheet1 Member=Component C23 Обозначение при заказе
Added Member To Class: ClassName=Sheet1 Member=Component C24 Обозначение при заказе
Added Member To Class: ClassName=Sheet1 Member=Component C25 Обозначение при заказе
Added Member To Class: ClassName=Sheet1 Member=Component DD5 Обозначение при заказе
Added Member To Class: ClassName=Sheet1 Member=Component R4 Обозначение при заказе
Add Class Member: Failed to add class member : Component T1 Обозначение при заказе
Added Member To Class: ClassName=Sheet1 Member=Component XP2 Обозначение при заказе
Add Class Member: Failed to add class member : Component XW1 Обозначение при заказе
Added Member To Class: ClassName=Sheet1 Member=Component ZQ2 Обозначение при заказе
Added Room: Name=Sheet1
