Change Component Designator: OldDesignator=C5 NewDesignator=C6
Change Component Designator: OldDesignator=C6 NewDesignator=C9
Change Component Designator: OldDesignator=C7 NewDesignator=C19
Change Component Designator: OldDesignator=C8 NewDesignator=C20
Change Component Designator: OldDesignator=C9 NewDesignator=C21
Change Component Designator: OldDesignator=D7 NewDesignator=D8
Change Component Designator: OldDesignator=D8 NewDesignator=D7
Added Component: Designator=C5(CAP 0603_1608)
Added Component: Designator=C7(CAP 0603_1608)
Added Component: Designator=C8(CAP 0603_1608)
Added Component: Designator=C10(CAP 0603_1608)
Added Component: Designator=C11(CAP 0603_1608)
Added Component: Designator=C12(CAP 0603_1608)
Added Component: Designator=C13(CAP 0603_1608)
Added Component: Designator=C14(CAP 0603_1608)
Added Component: Designator=C15(CAP 0603_1608)
Added Component: Designator=C16(CAP 0603_1608)
Added Component: Designator=C17(CAP 0603_1608)
Added Component: Designator=C18(CAP 0603_1608)
Added Component: Designator=X4(QUARTZ TEMPORARY)
Added Pin To Net: NetName=GND Pin=C5-1
Added Pin To Net: NetName=+3.3?.1 Pin=C5-2
Added Pin To Net: NetName=+3.3?.1 Pin=C7-1
Added Pin To Net: NetName=GND Pin=C7-2
Added Pin To Net: NetName=GND Pin=C8-1
Added Pin To Net: NetName=+3.3?.1 Pin=C8-2
Added Pin To Net: NetName=+3.3?.1 Pin=C10-1
Added Pin To Net: NetName=GND Pin=C10-2
Added Pin To Net: NetName=+3.3?.1 Pin=C11-1
Added Pin To Net: NetName=GND Pin=C11-2
Added Pin To Net: NetName=+3.3?.1 Pin=C12-1
Added Pin To Net: NetName=GND Pin=C12-2
Added Pin To Net: NetName=+3.3?.1 Pin=C13-1
Added Pin To Net: NetName=GND Pin=C13-2
Added Pin To Net: NetName=+3.3?.1 Pin=C14-1
Added Pin To Net: NetName=GND Pin=C14-2
Added Pin To Net: NetName=GND Pin=C15-1
Added Pin To Net: NetName=+3.3?.1 Pin=C15-2
Added Pin To Net: NetName=GND Pin=C16-1
Added Pin To Net: NetName=+3.3?.1 Pin=C16-2
Added Pin To Net: NetName=GND Pin=C17-1
Added Pin To Net: NetName=+3.3?.1 Pin=C17-2
Added Pin To Net: NetName=GND Pin=C18-1
Added Pin To Net: NetName=+3.3?.1 Pin=C18-2
Added Pin To Net: NetName=+3.3?.1 Pin=D3-37
Added Pin To Net: NetName=+3.3?.1 Pin=D6-9
Added Pin To Net: NetName=GND Pin=D6-10
Added Pin To Net: NetName=GND Pin=D6-11
Added Pin To Net: NetName=+3.3?.1 Pin=D6-13
Added Pin To Net: NetName=+3.3?.1 Pin=D6-31
Added Pin To Net: NetName=GND Pin=D6-32
Added Pin To Net: NetName=+3.3?.1 Pin=D6-45
Added Pin To Net: NetName=GND Pin=D6-46
Added Pin To Net: NetName=+3.3?.1 Pin=D6-59
Added Pin To Net: NetName=GND Pin=D6-60
Added Pin To Net: NetName=+3.3?.1 Pin=D6-63
Added Pin To Net: NetName=GND Pin=D6-65
Added Pin To Net: NetName=+3.3?.1 Pin=D8-1
Added Pin To Net: NetName=+3.3?.1 Pin=D8-3
Added Pin To Net: NetName=+3.3?.1 Pin=X4-1
Change Net Name : Old Net Name=NetC5_1 New Net Name=NetC6_1
Change Net Name : Old Net Name=NetC6_1 New Net Name=NetC9_1
Added Pin To Net: NetName=clk.1 Pin=D6-12
Added Pin To Net: NetName=clk.1 Pin=X4-2
Added Net: Name=clk.1
Added Member To Class: ClassName=Sheet1 Member=Component C10 ??????????? ??? ??????
Added Member To Class: ClassName=Sheet1 Member=Component C11 ??????????? ??? ??????
Added Member To Class: ClassName=Sheet1 Member=Component C12 ??????????? ??? ??????
Added Member To Class: ClassName=Sheet1 Member=Component C13 ??????????? ??? ??????
Added Member To Class: ClassName=Sheet1 Member=Component C14 ??????????? ??? ??????
Added Member To Class: ClassName=Sheet1 Member=Component C15 ??????????? ??? ??????
Added Member To Class: ClassName=Sheet1 Member=Component C16 ??????????? ??? ??????
Added Member To Class: ClassName=Sheet1 Member=Component C17 ??????????? ??? ??????
Added Member To Class: ClassName=Sheet1 Member=Component C18 ??????????? ??? ??????
Added Member To Class: ClassName=Sheet1 Member=Component C19 ??????????? ??? ??????
Added Member To Class: ClassName=Sheet1 Member=Component C20 ??????????? ??? ??????
Added Member To Class: ClassName=Sheet1 Member=Component C21 ??????????? ??? ??????
Added Member To Class: ClassName=Sheet1 Member=Component X4 ??????????? ??? ??????
Added Room: Name=Sheet1
