Change Component Footprint: Designator=D6 Old Footprint=SOP80P1176X120-54N New Footprint=SOP127P600-8N
Change Component Designator: OldDesignator=C1 NewDesignator=C7
Change Component Designator: OldDesignator=C2 NewDesignator=C1
Change Component Designator: OldDesignator=C3 NewDesignator=C2
Change Component Designator: OldDesignator=C4 NewDesignator=C8
Change Component Designator: OldDesignator=C5 NewDesignator=C9
Change Component Designator: OldDesignator=C6 NewDesignator=C3
Change Component Designator: OldDesignator=C7 NewDesignator=C4
Change Component Designator: OldDesignator=C8 NewDesignator=C5
Change Component Designator: OldDesignator=C9 NewDesignator=C6
Change Component Designator: OldDesignator=D2 NewDesignator=D8
Change Component Designator: OldDesignator=D3 NewDesignator=D2
Change Component Designator: OldDesignator=D4 NewDesignator=D3
Change Component Designator: OldDesignator=D6 NewDesignator=D7
Added Component: Designator=D4(FLASH)
Add Pin To Net: Unknown Pin: Pin D6-3
Add Pin To Net: Unknown Pin: Pin D6-4
Add Pin To Net: Unknown Pin: Pin D6-5
Add Pin To Net: Unknown Pin: Pin D6-6
Add Pin To Net: Unknown Pin: Pin D6-7
Add Pin To Net: Unknown Pin: Pin D6-8
Add Pin To Net: Unknown Pin: Pin D6-9
Add Pin To Net: Unknown Pin: Pin D6-10
Change Net Name : Old Net Name=NetC2_1 New Net Name=NetC1_1
Change Net Name : Old Net Name=NetC3_1 New Net Name=NetC2_1
Change Net Name : Old Net Name=NetC8_1 New Net Name=NetC5_1
Change Net Name : Old Net Name=NetC9_1 New Net Name=NetC6_1
Added Member To Class: ClassName=Sheet1 Member=Component D5 Обозначение при заказе
Added Member To Class: ClassName=Sheet1 Member=Component D7 Обозначение при заказе
Added Member To Class: ClassName=Sheet1 Member=Component D8 Обозначение при заказе
Added Room: Name=Sheet1
