Removed Pin From Net: NetName=A0 Pin=D5-1
Removed Pin From Net: NetName=A1 Pin=D5-2
Removed Pin From Net: NetName=A2 Pin=D5-3
Removed Pin From Net: NetName=A3 Pin=D5-4
Removed Pin From Net: NetName=A4 Pin=D5-5
Removed Pin From Net: NetName=A5 Pin=D5-6
Removed Pin From Net: NetName=A6 Pin=D5-7
Removed Pin From Net: NetName=A7 Pin=D5-8
Removed Pin From Net: NetName=A8 Pin=D5-15
Removed Pin From Net: NetName=A9 Pin=D5-16
Removed Pin From Net: NetName=A10 Pin=D5-17
Removed Pin From Net: NetName=B0 Pin=D5-18
Removed Pin From Net: NetName=B1 Pin=D5-19
Removed Pin From Net: NetName=B2 Pin=D5-20
Removed Pin From Net: NetName=B3 Pin=D5-21
Removed Pin From Net: NetName=B4 Pin=D5-26
Removed Pin From Net: NetName=B5 Pin=D5-27
Removed Pin From Net: NetName=B6 Pin=D5-28
Removed Pin From Net: NetName=B7 Pin=D5-29
Removed Pin From Net: NetName=A12 Pin=D5-30
Removed Pin From Net: NetName=C0 Pin=D5-47
Removed Pin From Net: NetName=M0 Pin=D5-48
Removed Pin From Net: NetName=M2 Pin=D5-49
Removed Pin From Net: NetName=M3 Pin=D5-50
Removed Pin From Net: NetName=C1 Pin=D5-51
Removed Pin From Net: NetName=C2 Pin=D5-52
Removed Pin From Net: NetName=C3 Pin=D5-53
Removed Pin From Net: NetName=C4 Pin=D5-54
Removed Pin From Net: NetName=C5 Pin=D5-55
Removed Pin From Net: NetName=C6 Pin=D5-56
Removed Pin From Net: NetName=C7 Pin=D5-57
Removed Pin From Net: NetName=C8 Pin=D5-58
Removed Pin From Net: NetName=C9 Pin=D5-61
Removed Pin From Net: NetName=D0 Pin=D5-66
Removed Pin From Net: NetName=D1 Pin=D5-67
Removed Pin From Net: NetName=D2 Pin=D5-68
Removed Pin From Net: NetName=D3 Pin=D5-69
Removed Pin From Net: NetName=D4 Pin=D5-70
Removed Pin From Net: NetName=D5 Pin=D5-71
Removed Pin From Net: NetName=D6 Pin=D5-72
Removed Pin From Net: NetName=D7 Pin=D5-73
Removed Pin From Net: NetName=M1 Pin=D5-74
Removed Pin From Net: NetName=M4 Pin=D5-75
Added Component: Designator=D?(QFP50P1600X1600X120-100N)
Added Pin To Net: NetName=A0 Pin=D?-1
Added Pin To Net: NetName=A1 Pin=D?-2
Added Pin To Net: NetName=A2 Pin=D?-3
Added Pin To Net: NetName=A3 Pin=D?-4
Added Pin To Net: NetName=A4 Pin=D?-5
Added Pin To Net: NetName=A5 Pin=D?-6
Added Pin To Net: NetName=B4 Pin=D?-7
Added Pin To Net: NetName=B3 Pin=D?-8
Added Pin To Net: NetName=B2 Pin=D?-15
Added Pin To Net: NetName=B1 Pin=D?-16
Added Pin To Net: NetName=B0 Pin=D?-17
Added Pin To Net: NetName=A8 Pin=D?-18
Added Pin To Net: NetName=A7 Pin=D?-19
Added Pin To Net: NetName=A6 Pin=D?-20
Added Pin To Net: NetName=A10 Pin=D?-21
Added Pin To Net: NetName=A9 Pin=D?-26
Added Pin To Net: NetName=A12 Pin=D?-28
Added Pin To Net: NetName=B5 Pin=D?-29
Added Pin To Net: NetName=B6 Pin=D?-30
Added Pin To Net: NetName=B7 Pin=D?-33
Added Pin To Net: NetName=C0 Pin=D?-47
Added Pin To Net: NetName=M0 Pin=D?-48
Added Pin To Net: NetName=M2 Pin=D?-49
Added Pin To Net: NetName=M3 Pin=D?-50
Added Pin To Net: NetName=C1 Pin=D?-51
Added Pin To Net: NetName=C2 Pin=D?-52
Added Pin To Net: NetName=C3 Pin=D?-53
Added Pin To Net: NetName=C4 Pin=D?-54
Added Pin To Net: NetName=C5 Pin=D?-55
Added Pin To Net: NetName=C6 Pin=D?-56
Added Pin To Net: NetName=C7 Pin=D?-57
Added Pin To Net: NetName=C8 Pin=D?-58
Added Pin To Net: NetName=C9 Pin=D?-61
Added Pin To Net: NetName=D0 Pin=D?-66
Added Pin To Net: NetName=D1 Pin=D?-67
Added Pin To Net: NetName=D2 Pin=D?-68
Added Pin To Net: NetName=D3 Pin=D?-69
Added Pin To Net: NetName=D4 Pin=D?-70
Added Pin To Net: NetName=D5 Pin=D?-71
Added Pin To Net: NetName=D6 Pin=D?-72
Added Pin To Net: NetName=D7 Pin=D?-73
Added Pin To Net: NetName=M1 Pin=D?-74
Added Pin To Net: NetName=M4 Pin=D?-75
Added Member To Class: ClassName=Sheet1 Member=Component D4 Обозначение при заказе
Added Member To Class: ClassName=Sheet1 Member=Component D? Обозначение при заказе
Added Room: Name=Sheet1
