Add Pin To Net: Unknown Pin: Pin D6-3
Add Pin To Net: Unknown Pin: Pin D6-4
Add Pin To Net: Unknown Pin: Pin D6-5
Add Pin To Net: Unknown Pin: Pin D6-6
Add Pin To Net: Unknown Pin: Pin D6-7
Add Pin To Net: Unknown Pin: Pin D6-8
Add Pin To Net: Unknown Pin: Pin D6-9
Add Pin To Net: Unknown Pin: Pin D6-10
Added Pin To Net: NetName=F0 Pin=D4-5
Added Pin To Net: NetName=F0 Pin=D5-34
Added Net: Name=F0
Added Pin To Net: NetName=F1 Pin=D4-1
Added Pin To Net: NetName=F1 Pin=D5-35
Added Net: Name=F1
Added Pin To Net: NetName=F2 Pin=D4-6
Added Pin To Net: NetName=F2 Pin=D5-36
Added Net: Name=F2
Added Pin To Net: NetName=F3 Pin=D4-2
Added Pin To Net: NetName=F3 Pin=D5-37
Added Net: Name=F3
Add Class Member: Failed to add class member : Component D6 Обозначение при заказе
Added Room: Name=Sheet1
