Removed Pin From Net: NetName=A12 Pin=D4-18
Removed Pin From Net: NetName=A10 Pin=D4-19
Removed Pin From Net: NetName=A9 Pin=D4-20
Removed Pin From Net: NetName=A1 Pin=D4-21
Removed Pin From Net: NetName=A0 Pin=D4-22
Removed Pin From Net: NetName=A11 Pin=D4-26
Removed Pin From Net: NetName=TX.1 Pin=D4-30
Removed Pin From Net: NetName=RX.1 Pin=D4-31
Removed Pin From Net: NetName=A8 Pin=D4-39
Removed Pin From Net: NetName=A7 Pin=D4-40
Removed Pin From Net: NetName=A6 Pin=D4-41
Removed Pin From Net: NetName=A5 Pin=D4-42
Removed Pin From Net: NetName=A4 Pin=D4-43
Removed Pin From Net: NetName=A3 Pin=D4-45
Removed Pin From Net: NetName=A2 Pin=D4-46
Removed Pin From Net: NetName=A8 Pin=D?-9
Removed Pin From Net: NetName=A9 Pin=D?-20
Removed Pin From Net: NetName=A10 Pin=D?-24
Removed Pin From Net: NetName=A11 Pin=D?-43
Removed Pin From Net: NetName=A12 Pin=D?-44
Change Component Designator: OldDesignator=D? NewDesignator=D5
Added Component: Designator=D6(SOP80P1176X120-54N)
Added Pin To Net: NetName=A8 Pin=D4-18
Added Pin To Net: NetName=A7 Pin=D4-19
Added Pin To Net: NetName=A6 Pin=D4-20
Added Pin To Net: NetName=A10 Pin=D4-21
Added Pin To Net: NetName=A9 Pin=D4-22
Added Pin To Net: NetName=A11 Pin=D4-25
Added Pin To Net: NetName=A12 Pin=D4-26
Added Pin To Net: NetName=TX.1 Pin=D4-31
Added Pin To Net: NetName=RX.1 Pin=D4-32
Added Pin To Net: NetName=A5 Pin=D4-39
Added Pin To Net: NetName=A4 Pin=D4-40
Added Pin To Net: NetName=A3 Pin=D4-41
Added Pin To Net: NetName=A2 Pin=D4-42
Added Pin To Net: NetName=A1 Pin=D4-43
Added Pin To Net: NetName=A0 Pin=D4-45
Added Pin To Net: NetName=A8 Pin=D5-15
Added Pin To Net: NetName=A9 Pin=D5-16
Added Pin To Net: NetName=A10 Pin=D5-17
Added Pin To Net: NetName=A12 Pin=D5-30
Added Pin To Net: NetName=A11 Pin=D5-44
Added Pin To Net: NetName=B0 Pin=D4-17
Added Pin To Net: NetName=B0 Pin=D5-18
Added Pin To Net: NetName=B0 Pin=D6-13
Added Net: Name=B0
Added Pin To Net: NetName=B1 Pin=D4-16
Added Pin To Net: NetName=B1 Pin=D5-19
Added Pin To Net: NetName=B1 Pin=D6-11
Added Net: Name=B1
Added Pin To Net: NetName=B2 Pin=D4-15
Added Pin To Net: NetName=B2 Pin=D5-20
Added Pin To Net: NetName=B2 Pin=D6-10
Added Net: Name=B2
Added Pin To Net: NetName=B3 Pin=D4-14
Added Pin To Net: NetName=B3 Pin=D5-21
Added Pin To Net: NetName=B3 Pin=D6-8
Added Net: Name=B3
Added Pin To Net: NetName=B4 Pin=D4-13
Added Pin To Net: NetName=B4 Pin=D5-26
Added Pin To Net: NetName=B4 Pin=D6-7
Added Net: Name=B4
Added Pin To Net: NetName=B5 Pin=D4-12
Added Pin To Net: NetName=B5 Pin=D5-27
Added Pin To Net: NetName=B5 Pin=D6-5
Added Net: Name=B5
Added Pin To Net: NetName=B6 Pin=D4-11
Added Pin To Net: NetName=B6 Pin=D5-28
Added Pin To Net: NetName=B6 Pin=D6-4
Added Net: Name=B6
Added Pin To Net: NetName=B7 Pin=D4-10
Added Pin To Net: NetName=B7 Pin=D5-29
Added Pin To Net: NetName=B7 Pin=D6-2
Added Net: Name=B7
Added Pin To Net: NetName=C0 Pin=D5-47
Added Pin To Net: NetName=C0 Pin=D6-23
Added Net: Name=C0
Added Pin To Net: NetName=C1 Pin=D5-51
Added Pin To Net: NetName=C1 Pin=D6-24
Added Net: Name=C1
Added Pin To Net: NetName=C2 Pin=D5-52
Added Pin To Net: NetName=C2 Pin=D6-25
Added Net: Name=C2
Added Pin To Net: NetName=C3 Pin=D5-53
Added Pin To Net: NetName=C3 Pin=D6-26
Added Net: Name=C3
Added Pin To Net: NetName=C4 Pin=D5-54
Added Pin To Net: NetName=C4 Pin=D6-29
Added Net: Name=C4
Added Pin To Net: NetName=C5 Pin=D5-55
Added Pin To Net: NetName=C5 Pin=D6-30
Added Net: Name=C5
Added Pin To Net: NetName=C6 Pin=D5-56
Added Pin To Net: NetName=C6 Pin=D6-31
Added Net: Name=C6
Added Pin To Net: NetName=C7 Pin=D5-57
Added Pin To Net: NetName=C7 Pin=D6-32
Added Net: Name=C7
Added Pin To Net: NetName=C8 Pin=D5-58
Added Pin To Net: NetName=C8 Pin=D6-33
Added Net: Name=C8
Added Pin To Net: NetName=C9 Pin=D5-61
Added Pin To Net: NetName=C9 Pin=D6-22
Added Net: Name=C9
Added Pin To Net: NetName=D0 Pin=D5-66
Added Net: Name=D0
Added Pin To Net: NetName=D1 Pin=D5-67
Added Net: Name=D1
Added Pin To Net: NetName=D2 Pin=D5-68
Added Net: Name=D2
Added Pin To Net: NetName=D3 Pin=D5-69
Added Net: Name=D3
Added Pin To Net: NetName=D4 Pin=D5-70
Added Net: Name=D4
Added Pin To Net: NetName=D5 Pin=D5-71
Added Net: Name=D5
Added Pin To Net: NetName=D6 Pin=D5-72
Added Net: Name=D6
Added Pin To Net: NetName=D7 Pin=D5-73
Added Net: Name=D7
Added Pin To Net: NetName=M0 Pin=D5-48
Added Pin To Net: NetName=M0 Pin=D6-20
Added Net: Name=M0
Added Pin To Net: NetName=M1 Pin=D5-74
Added Pin To Net: NetName=M1 Pin=D6-18
Added Net: Name=M1
Added Pin To Net: NetName=M2 Pin=D5-49
Added Pin To Net: NetName=M2 Pin=D6-17
Added Net: Name=M2
Added Pin To Net: NetName=M3 Pin=D5-50
Added Pin To Net: NetName=M3 Pin=D6-19
Added Net: Name=M3
Added Pin To Net: NetName=M4 Pin=D5-75
Added Pin To Net: NetName=M4 Pin=D6-16
Added Net: Name=M4
Added Class: Name=C[9..0]
Added Class: Name=D[7..0]
Added Class: Name=DATA[7..0]
Added Class: Name=M[4..0]
Added Member To Class: ClassName=Sheet1 Member=Component D6 ??????????? ??? ??????
Added Room: Name=Sheet1
