Removed Pin From Net: NetName=+3.3В.1 Pin=C7-1
Removed Pin From Net: NetName=GND Pin=C7-2
Removed Pin From Net: NetName=+3.3В.1 Pin=C10-1
Removed Pin From Net: NetName=GND Pin=C10-2
Removed Pin From Net: NetName=+3.3В.1 Pin=C11-1
Removed Pin From Net: NetName=GND Pin=C11-2
Removed Pin From Net: NetName=+3.3В.1 Pin=C12-1
Removed Pin From Net: NetName=GND Pin=C12-2
Removed Pin From Net: NetName=+3.3В.1 Pin=C13-1
Removed Pin From Net: NetName=GND Pin=C13-2
Removed Pin From Net: NetName=+3.3В.1 Pin=C14-1
Removed Pin From Net: NetName=GND Pin=C14-2
Removed Pin From Net: NetName=+3.3В.1 Pin=D8-3
Removed Pin From Net: NetName=+3.3В.1 Pin=X4-1
Removed Pin From Net: NetName=clk.1 Pin=X4-2
Removed Member From Class: ClassName=Sheet1 Member=X4
Change Component Designator: OldDesignator=C5 NewDesignator=C9
Change Component Designator: OldDesignator=C6 NewDesignator=C11
Change Component Designator: OldDesignator=C7 NewDesignator=C10
Change Component Designator: OldDesignator=C8 NewDesignator=C12
Change Component Designator: OldDesignator=C9 NewDesignator=C14
Change Component Designator: OldDesignator=C10 NewDesignator=C13
Change Component Designator: OldDesignator=C11 NewDesignator=C15
Change Component Designator: OldDesignator=C12 NewDesignator=C16
Change Component Designator: OldDesignator=C13 NewDesignator=C17
Change Component Designator: OldDesignator=C14 NewDesignator=C18
Change Component Designator: OldDesignator=C15 NewDesignator=C20
Change Component Designator: OldDesignator=C16 NewDesignator=C19
Change Component Designator: OldDesignator=C17 NewDesignator=C22
Change Component Designator: OldDesignator=C18 NewDesignator=C23
Change Component Designator: OldDesignator=C19 NewDesignator=C24
Change Component Designator: OldDesignator=C20 NewDesignator=C26
Change Component Designator: OldDesignator=C21 NewDesignator=C27
Change Component Designator: OldDesignator=D3 NewDesignator=D4
Change Component Designator: OldDesignator=D4 NewDesignator=D3
Change Component Designator: OldDesignator=D7 NewDesignator=D8
Change Component Designator: OldDesignator=D8 NewDesignator=D9
Added Component: Designator=C5(CAP 0603_1608)
Added Component: Designator=C6(CAP 0603_1608)
Added Component: Designator=C7(CAP 0603_1608)
Added Component: Designator=C8(CAP 0603_1608)
Added Component: Designator=C21(CAP 0603_1608)
Added Component: Designator=C25(CAP 0603_1608)
Added Component: Designator=R4(R_0805_T0.4)
Added Component: Designator=R5(R_0805_T0.4)
Added Component: Designator=R6(R_0805_T0.4)
Added Pin To Net: NetName=GND Pin=C5-2
Added Pin To Net: NetName=+3.3В.1 Pin=C6-2
Added Pin To Net: NetName=GND Pin=C7-2
Added Pin To Net: NetName=GND Pin=C8-2
Added Pin To Net: NetName=GND Pin=C10-1
Added Pin To Net: NetName=+3.3В.1 Pin=C10-2
Added Pin To Net: NetName=GND Pin=C13-1
Added Pin To Net: NetName=+3.3В.1 Pin=C13-2
Added Pin To Net: NetName=GND Pin=C15-1
Added Pin To Net: NetName=+3.3В.1 Pin=C15-2
Added Pin To Net: NetName=GND Pin=C16-1
Added Pin To Net: NetName=+3.3В.1 Pin=C16-2
Added Pin To Net: NetName=GND Pin=C17-1
Added Pin To Net: NetName=+3.3В.1 Pin=C17-2
Added Pin To Net: NetName=GND Pin=C18-1
Added Pin To Net: NetName=+3.3В.1 Pin=C18-2
Added Pin To Net: NetName=GND Pin=C21-1
Added Pin To Net: NetName=+3.3В.1 Pin=C21-2
Added Pin To Net: NetName=GND Pin=C25-1
Added Pin To Net: NetName=+3.3В.1 Pin=C25-2
Added Pin To Net: NetName=GND Pin=D3-20
Added Pin To Net: NetName=+3.3В.1 Pin=D3-24
Added Pin To Net: NetName=clk.1 Pin=D3-28
Added Pin To Net: NetName=GND Pin=D4-34
Add Pin To Net: Unknown Pin: Pin D7-1
Add Pin To Net: Unknown Pin: Pin D7-2
Add Pin To Net: Unknown Pin: Pin D7-3
Add Pin To Net: Unknown Pin: Pin D7-4
Added Pin To Net: NetName=+3.3В.1 Pin=D9-14
Added Pin To Net: NetName=+3.3В.1 Pin=D9-27
Added Pin To Net: NetName=GND Pin=D9-28
Added Pin To Net: NetName=GND Pin=D9-41
Added Pin To Net: NetName=GND Pin=D9-54
Added Pin To Net: NetName=GND Pin=R4-2
Added Pin To Net: NetName=GND Pin=R5-2
Added Pin To Net: NetName=GND Pin=R6-2
Change Net Name : Old Net Name=NetC6_1 New Net Name=NetC11_1
Change Net Name : Old Net Name=NetC9_1 New Net Name=NetC14_1
Added Pin To Net: NetName=NetC5_1 Pin=C5-1
Added Pin To Net: NetName=NetC5_1 Pin=D3-16
Added Net: Name=NetC5_1
Added Pin To Net: NetName=NetC6_1 Pin=C6-1
Added Pin To Net: NetName=NetC6_1 Pin=D3-19
Added Net: Name=NetC6_1
Added Pin To Net: NetName=NetC7_1 Pin=C7-1
Added Pin To Net: NetName=NetC7_1 Pin=D3-23
Added Net: Name=NetC7_1
Added Pin To Net: NetName=NetC8_1 Pin=C8-1
Added Pin To Net: NetName=NetC8_1 Pin=D3-17
Added Net: Name=NetC8_1
Added Pin To Net: NetName=NetD3_18 Pin=D3-18
Added Pin To Net: NetName=NetD3_18 Pin=R4-1
Added Net: Name=NetD3_18
Added Pin To Net: NetName=NetD3_21 Pin=D3-21
Added Pin To Net: NetName=NetD3_21 Pin=R5-1
Added Net: Name=NetD3_21
Added Pin To Net: NetName=NetD3_22 Pin=D3-22
Added Pin To Net: NetName=NetD3_22 Pin=R6-1
Added Net: Name=NetD3_22
Added Member To Class: ClassName=Sheet1 Member=Component C5 Обозначение при заказе
Added Member To Class: ClassName=Sheet1 Member=Component C6 Обозначение при заказе
Added Member To Class: ClassName=Sheet1 Member=Component C7 Обозначение при заказе
Added Member To Class: ClassName=Sheet1 Member=Component C8 Обозначение при заказе
Added Member To Class: ClassName=Sheet1 Member=Component C9 Обозначение при заказе
Added Member To Class: ClassName=Sheet1 Member=Component C22 Обозначение при заказе
Added Member To Class: ClassName=Sheet1 Member=Component C23 Обозначение при заказе
Added Member To Class: ClassName=Sheet1 Member=Component C24 Обозначение при заказе
Added Member To Class: ClassName=Sheet1 Member=Component C25 Обозначение при заказе
Added Member To Class: ClassName=Sheet1 Member=Component C26 Обозначение при заказе
Added Member To Class: ClassName=Sheet1 Member=Component C27 Обозначение при заказе
Added Member To Class: ClassName=Sheet1 Member=Component D8 Обозначение при заказе
Added Member To Class: ClassName=Sheet1 Member=Component D9 Обозначение при заказе
Added Member To Class: ClassName=Sheet1 Member=Component R4 Обозначение при заказе
Added Member To Class: ClassName=Sheet1 Member=Component R5 Обозначение при заказе
Added Member To Class: ClassName=Sheet1 Member=Component R6 Обозначение при заказе
Added Room: Name=Sheet1
