Replace Part D? AMS1117-3.3 in C:\Users\1\Desktop\DDS\Libs\Schlib1.SchLib with AMS1117-3.3 from Schlib1.SchLib
Replace Part D? AMS1117-3.3 in C:\Users\1\Desktop\DDS\Libs\Schlib1.SchLib with AMS1117-3.3 from Schlib1.SchLib
Replace Part D? AMS1117-3.3 in C:\Users\1\Desktop\DDS\Libs\Schlib1.SchLib with AMS1117-3.3 from Schlib1.SchLib
Replace Part C? CAP in C:\Users\1\Desktop\DDS\Libs\Schlib1.SchLib with CAP from Schlib1.SchLib
Replace Part C? CAP in C:\Users\1\Desktop\DDS\Libs\Schlib1.SchLib with CAP from Schlib1.SchLib
Replace Part C? CAP in C:\Users\1\Desktop\DDS\Libs\Schlib1.SchLib with CAP from Schlib1.SchLib
Replace Part D? ch340 in C:\Users\1\Desktop\DDS\Libs\Schlib1.SchLib with ch340 from Schlib1.SchLib
Replace Part D? ch340 in C:\Users\1\Desktop\DDS\Libs\Schlib1.SchLib with ch340 from Schlib1.SchLib
Replace Part D? ch340 in C:\Users\1\Desktop\DDS\Libs\Schlib1.SchLib with ch340 from Schlib1.SchLib
Replace Part D? DAC in C:\Users\1\Desktop\DDS\Libs\Schlib1.SchLib with DAC from Schlib1.SchLib
Replace Part D? DAC in C:\Users\1\Desktop\DDS\Libs\Schlib1.SchLib with DAC from Schlib1.SchLib
Replace Part D? DAC in C:\Users\1\Desktop\DDS\Libs\Schlib1.SchLib with DAC from Schlib1.SchLib
Replace Part D? FLASH in C:\Users\1\Desktop\DDS\Libs\Schlib1.SchLib with FLASH from Schlib1.SchLib
Replace Part D? FLASH in C:\Users\1\Desktop\DDS\Libs\Schlib1.SchLib with FLASH from Schlib1.SchLib
Replace Part D? FLASH in C:\Users\1\Desktop\DDS\Libs\Schlib1.SchLib with FLASH from Schlib1.SchLib
Replace Part D? FPGA in C:\Users\1\Desktop\DDS\Libs\Schlib1.SchLib with FPGA from Schlib1.SchLib
Replace Part D? FPGA in C:\Users\1\Desktop\DDS\Libs\Schlib1.SchLib with FPGA from Schlib1.SchLib
Replace Part D? FPGA in C:\Users\1\Desktop\DDS\Libs\Schlib1.SchLib with FPGA from Schlib1.SchLib
Replace Part D? fpRESONATOR in C:\Users\1\Desktop\DDS\Libs\Schlib1.SchLib with fpRESONATOR from Schlib1.SchLib
Replace Part D? fpRESONATOR in C:\Users\1\Desktop\DDS\Libs\Schlib1.SchLib with fpRESONATOR from Schlib1.SchLib
Replace Part D? fpRESONATOR in C:\Users\1\Desktop\DDS\Libs\Schlib1.SchLib with fpRESONATOR from Schlib1.SchLib
Replace Part D? MEM in C:\Users\1\Desktop\DDS\Libs\Schlib1.SchLib with MEM from Schlib1.SchLib
Replace Part D? MEM in C:\Users\1\Desktop\DDS\Libs\Schlib1.SchLib with MEM from Schlib1.SchLib
Replace Part D? MEM in C:\Users\1\Desktop\DDS\Libs\Schlib1.SchLib with MEM from Schlib1.SchLib
Replace Part FU? MF in C:\Users\1\Desktop\DDS\Libs\Schlib1.SchLib with MF from Schlib1.SchLib
Replace Part FU? MF in C:\Users\1\Desktop\DDS\Libs\Schlib1.SchLib with MF from Schlib1.SchLib
Replace Part FU? MF in C:\Users\1\Desktop\DDS\Libs\Schlib1.SchLib with MF from Schlib1.SchLib
Replace Part X? PINS in C:\Users\1\Desktop\DDS\Libs\Schlib1.SchLib with PINS from Schlib1.SchLib
Replace Part X? PINS in C:\Users\1\Desktop\DDS\Libs\Schlib1.SchLib with PINS from Schlib1.SchLib
Replace Part X? PINS in C:\Users\1\Desktop\DDS\Libs\Schlib1.SchLib with PINS from Schlib1.SchLib
Replace Part X? Quartz in C:\Users\1\Desktop\DDS\Libs\Schlib1.SchLib with Quartz from Schlib1.SchLib
Replace Part X? Quartz in C:\Users\1\Desktop\DDS\Libs\Schlib1.SchLib with Quartz from Schlib1.SchLib
Replace Part X? Quartz in C:\Users\1\Desktop\DDS\Libs\Schlib1.SchLib with Quartz from Schlib1.SchLib
Replace Part R? RES in C:\Users\1\Desktop\DDS\Libs\Schlib1.SchLib with RES from Schlib1.SchLib
Replace Part R? RES in C:\Users\1\Desktop\DDS\Libs\Schlib1.SchLib with RES from Schlib1.SchLib
Replace Part R? RES in C:\Users\1\Desktop\DDS\Libs\Schlib1.SchLib with RES from Schlib1.SchLib
Replace Part D? STM32 in C:\Users\1\Desktop\DDS\Libs\Schlib1.SchLib with STM32 from Schlib1.SchLib
Replace Part D? STM32 in C:\Users\1\Desktop\DDS\Libs\Schlib1.SchLib with STM32 from Schlib1.SchLib
Replace Part D? STM32 in C:\Users\1\Desktop\DDS\Libs\Schlib1.SchLib with STM32 from Schlib1.SchLib
Replace Part D? USB in C:\Users\1\Desktop\DDS\Libs\Schlib1.SchLib with USB from Schlib1.SchLib
Replace Part D? USB in C:\Users\1\Desktop\DDS\Libs\Schlib1.SchLib with USB from Schlib1.SchLib
Replace Part D? USB in C:\Users\1\Desktop\DDS\Libs\Schlib1.SchLib with USB from Schlib1.SchLib
