Replace Part C? CAP in C:\Users\1\Desktop\DDS\Sheet1.SchDoc with CAP from Schlib1.SchLib
Replace Part C? CAP in C:\Users\1\Desktop\DDS\Sheet1.SchDoc with CAP from Schlib1.SchLib
Replace Part C? CAP in C:\Users\1\Desktop\DDS\Sheet1.SchDoc with CAP from Schlib1.SchLib
Replace Part C? CAP in C:\Users\1\Desktop\DDS\Sheet1.SchDoc with CAP from Schlib1.SchLib
Replace Part C? CAP in C:\Users\1\Desktop\DDS\Sheet1.SchDoc with CAP from Schlib1.SchLib
Replace Part C? CAP in C:\Users\1\Desktop\DDS\Sheet1.SchDoc with CAP from Schlib1.SchLib
Replace Part C? CAP in C:\Users\1\Desktop\DDS\Sheet1.SchDoc with CAP from Schlib1.SchLib
Replace Part C? CAP in C:\Users\1\Desktop\DDS\Sheet1.SchDoc with CAP from Schlib1.SchLib
Replace Part C? CAP in C:\Users\1\Desktop\DDS\Sheet1.SchDoc with CAP from Schlib1.SchLib
Replace Part D? USB in C:\Users\1\Desktop\DDS\Sheet1.SchDoc with USB from Schlib1.SchLib
Replace Part D? ch340 in C:\Users\1\Desktop\DDS\Sheet1.SchDoc with ch340 from Schlib1.SchLib
Replace Part D? AMS1117-3.3 in C:\Users\1\Desktop\DDS\Sheet1.SchDoc with AMS1117-3.3 from Schlib1.SchLib
Replace Part D? FPGA in C:\Users\1\Desktop\DDS\Sheet1.SchDoc with FPGA from Schlib1.SchLib
Replace Part D? STM32 in C:\Users\1\Desktop\DDS\Sheet1.SchDoc with STM32 from Schlib1.SchLib
Replace Part FU? MF in C:\Users\1\Desktop\DDS\Sheet1.SchDoc with MF from Schlib1.SchLib
Replace Part R? RES in C:\Users\1\Desktop\DDS\Sheet1.SchDoc with RES from Schlib1.SchLib
Replace Part R? RES in C:\Users\1\Desktop\DDS\Sheet1.SchDoc with RES from Schlib1.SchLib
Replace Part R? RES in C:\Users\1\Desktop\DDS\Sheet1.SchDoc with RES from Schlib1.SchLib
Replace Part X? Quartz in C:\Users\1\Desktop\DDS\Sheet1.SchDoc with Quartz from Schlib1.SchLib
Replace Part X? Quartz in C:\Users\1\Desktop\DDS\Sheet1.SchDoc with Quartz from Schlib1.SchLib
Replace Part X? MEM in C:\Users\1\Desktop\DDS\Sheet1.SchDoc with MEM from Schlib1.SchLib
