Replace Part C1 CAP in C:\Users\Jerry\Desktop\DDS\Sheet1.SchDoc with CAP from Schlib1.SchLib
Replace Part C2 CAP in C:\Users\Jerry\Desktop\DDS\Sheet1.SchDoc with CAP from Schlib1.SchLib
Replace Part C3 CAP in C:\Users\Jerry\Desktop\DDS\Sheet1.SchDoc with CAP from Schlib1.SchLib
Replace Part C4 CAP in C:\Users\Jerry\Desktop\DDS\Sheet1.SchDoc with CAP from Schlib1.SchLib
Replace Part C5 CAP in C:\Users\Jerry\Desktop\DDS\Sheet1.SchDoc with CAP from Schlib1.SchLib
Replace Part C6 CAP in C:\Users\Jerry\Desktop\DDS\Sheet1.SchDoc with CAP from Schlib1.SchLib
Replace Part C7 CAP in C:\Users\Jerry\Desktop\DDS\Sheet1.SchDoc with CAP from Schlib1.SchLib
Replace Part C8 CAP in C:\Users\Jerry\Desktop\DDS\Sheet1.SchDoc with CAP from Schlib1.SchLib
Replace Part C10 CAP in C:\Users\Jerry\Desktop\DDS\Sheet1.SchDoc with CAP from Schlib1.SchLib
Replace Part C12 CAP in C:\Users\Jerry\Desktop\DDS\Sheet1.SchDoc with CAP from Schlib1.SchLib
Replace Part C13 CAP in C:\Users\Jerry\Desktop\DDS\Sheet1.SchDoc with CAP from Schlib1.SchLib
Replace Part C14 CAP in C:\Users\Jerry\Desktop\DDS\Sheet1.SchDoc with CAP from Schlib1.SchLib
Replace Part C15 CAP in C:\Users\Jerry\Desktop\DDS\Sheet1.SchDoc with CAP from Schlib1.SchLib
Replace Part C16 CAP in C:\Users\Jerry\Desktop\DDS\Sheet1.SchDoc with CAP from Schlib1.SchLib
Replace Part C17 CAP in C:\Users\Jerry\Desktop\DDS\Sheet1.SchDoc with CAP from Schlib1.SchLib
Replace Part C18 CAP in C:\Users\Jerry\Desktop\DDS\Sheet1.SchDoc with CAP from Schlib1.SchLib
Replace Part C19 CAP in C:\Users\Jerry\Desktop\DDS\Sheet1.SchDoc with CAP from Schlib1.SchLib
Replace Part C20 CAP in C:\Users\Jerry\Desktop\DDS\Sheet1.SchDoc with CAP from Schlib1.SchLib
Replace Part C21 CAP in C:\Users\Jerry\Desktop\DDS\Sheet1.SchDoc with CAP from Schlib1.SchLib
Replace Part C22 CAP in C:\Users\Jerry\Desktop\DDS\Sheet1.SchDoc with CAP from Schlib1.SchLib
Replace Part C23 CAP in C:\Users\Jerry\Desktop\DDS\Sheet1.SchDoc with CAP from Schlib1.SchLib
Replace Part C24 CAP in C:\Users\Jerry\Desktop\DDS\Sheet1.SchDoc with CAP from Schlib1.SchLib
Replace Part C25 CAP in C:\Users\Jerry\Desktop\DDS\Sheet1.SchDoc with CAP from Schlib1.SchLib
Replace Part D1 fpRESONATOR in C:\Users\Jerry\Desktop\DDS\Sheet1.SchDoc with fpRESONATOR from Schlib1.SchLib
Replace Part DA1 AMS1117-3.3 in C:\Users\Jerry\Desktop\DDS\Sheet1.SchDoc with AMS1117-3.3 from Schlib1.SchLib
Replace Part DD1 USB in C:\Users\Jerry\Desktop\DDS\Sheet1.SchDoc with USB from Schlib1.SchLib
Replace Part DD2 DAC in C:\Users\Jerry\Desktop\DDS\Sheet1.SchDoc with DAC from Schlib1.SchLib
Replace Part DD3 ch340 in C:\Users\Jerry\Desktop\DDS\Sheet1.SchDoc with ch340 from Schlib1.SchLib
Replace Part DD4 STM32 in C:\Users\Jerry\Desktop\DDS\Sheet1.SchDoc with STM32 from Schlib1.SchLib
Replace Part DD5 FLASH in C:\Users\Jerry\Desktop\DDS\Sheet1.SchDoc with FLASH from Schlib1.SchLib
Replace Part DD6 FPGA in C:\Users\Jerry\Desktop\DDS\Sheet1.SchDoc with FPGA from Schlib1.SchLib
Replace Part DD7 MEM in C:\Users\Jerry\Desktop\DDS\Sheet1.SchDoc with MEM from Schlib1.SchLib
Replace Part FU1 MF in C:\Users\Jerry\Desktop\DDS\Sheet1.SchDoc with MF from Schlib1.SchLib
Replace Part R1 RES in C:\Users\Jerry\Desktop\DDS\Sheet1.SchDoc with RES from Schlib1.SchLib
Replace Part R2 RES in C:\Users\Jerry\Desktop\DDS\Sheet1.SchDoc with RES from Schlib1.SchLib
Replace Part R3 RES in C:\Users\Jerry\Desktop\DDS\Sheet1.SchDoc with RES from Schlib1.SchLib
Replace Part R4 RES in C:\Users\Jerry\Desktop\DDS\Sheet1.SchDoc with RES from Schlib1.SchLib
Replace Part R5 RES in C:\Users\Jerry\Desktop\DDS\Sheet1.SchDoc with RES from Schlib1.SchLib
Replace Part R6 RES in C:\Users\Jerry\Desktop\DDS\Sheet1.SchDoc with RES from Schlib1.SchLib
Replace Part X1 Quartz in C:\Users\Jerry\Desktop\DDS\Sheet1.SchDoc with Quartz from Schlib1.SchLib
Replace Part X2 4PINS in C:\Users\Jerry\Desktop\DDS\Sheet1.SchDoc with 4PINS from Schlib1.SchLib
Replace Part X3 Quartz in C:\Users\Jerry\Desktop\DDS\Sheet1.SchDoc with Quartz from Schlib1.SchLib
