Replace Part C1 CAP in C:\Users\1\Desktop\DDS\Sheet1.SchDoc with CAP from Schlib1.SchLib
Replace Part C2 CAP in C:\Users\1\Desktop\DDS\Sheet1.SchDoc with CAP from Schlib1.SchLib
Replace Part C3 CAP in C:\Users\1\Desktop\DDS\Sheet1.SchDoc with CAP from Schlib1.SchLib
Replace Part C4 CAP in C:\Users\1\Desktop\DDS\Sheet1.SchDoc with CAP from Schlib1.SchLib
Replace Part C5 CAP in C:\Users\1\Desktop\DDS\Sheet1.SchDoc with CAP from Schlib1.SchLib
Replace Part C6 CAP in C:\Users\1\Desktop\DDS\Sheet1.SchDoc with CAP from Schlib1.SchLib
Replace Part C7 CAP in C:\Users\1\Desktop\DDS\Sheet1.SchDoc with CAP from Schlib1.SchLib
Replace Part C8 CAP in C:\Users\1\Desktop\DDS\Sheet1.SchDoc with CAP from Schlib1.SchLib
Replace Part C9 CAP in C:\Users\1\Desktop\DDS\Sheet1.SchDoc with CAP from Schlib1.SchLib
Replace Part C10 CAP in C:\Users\1\Desktop\DDS\Sheet1.SchDoc with CAP from Schlib1.SchLib
Replace Part C11 CAP in C:\Users\1\Desktop\DDS\Sheet1.SchDoc with CAP from Schlib1.SchLib
Replace Part C12 CAP in C:\Users\1\Desktop\DDS\Sheet1.SchDoc with CAP from Schlib1.SchLib
Replace Part C13 CAP in C:\Users\1\Desktop\DDS\Sheet1.SchDoc with CAP from Schlib1.SchLib
Replace Part C14 CAP in C:\Users\1\Desktop\DDS\Sheet1.SchDoc with CAP from Schlib1.SchLib
Replace Part C15 CAP in C:\Users\1\Desktop\DDS\Sheet1.SchDoc with CAP from Schlib1.SchLib
Replace Part D1 USB in C:\Users\1\Desktop\DDS\Sheet1.SchDoc with USB from Schlib1.SchLib
Replace Part D2 ch340 in C:\Users\1\Desktop\DDS\Sheet1.SchDoc with ch340 from Schlib1.SchLib
Replace Part D3 STM32 in C:\Users\1\Desktop\DDS\Sheet1.SchDoc with STM32 from Schlib1.SchLib
Replace Part D4 DAC in C:\Users\1\Desktop\DDS\Sheet1.SchDoc with DAC from Schlib1.SchLib
Replace Part D5 FLASH in C:\Users\1\Desktop\DDS\Sheet1.SchDoc with FLASH from Schlib1.SchLib
Replace Part D6 FPGA in C:\Users\1\Desktop\DDS\Sheet1.SchDoc with FPGA from Schlib1.SchLib
Replace Part D7 AMS1117-3.3 in C:\Users\1\Desktop\DDS\Sheet1.SchDoc with AMS1117-3.3 from Schlib1.SchLib
Replace Part D8 MEM in C:\Users\1\Desktop\DDS\Sheet1.SchDoc with MEM from Schlib1.SchLib
Replace Part FU1 MF in C:\Users\1\Desktop\DDS\Sheet1.SchDoc with MF from Schlib1.SchLib
Replace Part R1 RES in C:\Users\1\Desktop\DDS\Sheet1.SchDoc with RES from Schlib1.SchLib
Replace Part R2 RES in C:\Users\1\Desktop\DDS\Sheet1.SchDoc with RES from Schlib1.SchLib
Replace Part R3 RES in C:\Users\1\Desktop\DDS\Sheet1.SchDoc with RES from Schlib1.SchLib
Replace Part X1 Quartz in C:\Users\1\Desktop\DDS\Sheet1.SchDoc with Quartz from Schlib1.SchLib
Replace Part X2 Quartz in C:\Users\1\Desktop\DDS\Sheet1.SchDoc with Quartz from Schlib1.SchLib
Replace Part X3 PINS in C:\Users\1\Desktop\DDS\Sheet1.SchDoc with PINS from Schlib1.SchLib
